# JRE version: Java(TM) SE Runtime Environment (8.0_181-b13) (build 1.8.0_181-b13)
# Java VM: Java HotSpot(TM) 64-Bit Server VM (25.181-b13 mixed mode windows-amd64 compressed oops)
Heap:
 PSYoungGen      total 290304K, used 231272K [0x00000000eab00000, 0x0000000100000000, 0x0000000100000000)
  eden space 231424K, 99% used [0x00000000eab00000,0x00000000f8cc21d8,0x00000000f8d00000)
  from space 58880K, 0% used [0x00000000fc680000,0x00000000fc698000,0x0000000100000000)
  to   space 58880K, 0% used [0x00000000f8d00000,0x00000000f8d00000,0x00000000fc680000)
 ParOldGen       total 249344K, used 81981K [0x00000000c0000000, 0x00000000cf380000, 0x00000000eab00000)
  object space 249344K, 32% used [0x00000000c0000000,0x00000000c500f7b0,0x00000000cf380000)
 Metaspace       used 80386K, capacity 84000K, committed 84272K, reserved 1122304K
  class space    used 10698K, capacity 11498K, committed 11568K, reserved 1048576K
GC Heap History (10 events):
Event: 139.560 GC heap before
{Heap before GC invocations=12 (full 3):
 PSYoungGen      total 301056K, used 295204K [0x00000000eab00000, 0x0000000100000000, 0x0000000100000000)
  eden space 281600K, 97% used [0x00000000eab00000,0x00000000fb84a588,0x00000000fbe00000)
  from space 19456K, 99% used [0x00000000fed00000,0x00000000ffffee10,0x0000000100000000)
  to   space 33792K, 0% used [0x00000000fbe00000,0x00000000fbe00000,0x00000000fdf00000)
 ParOldGen       total 187904K, used 56304K [0x00000000c0000000, 0x00000000cb780000, 0x00000000eab00000)
  object space 187904K, 29% used [0x00000000c0000000,0x00000000c36fc140,0x00000000cb780000)
 Metaspace       used 75567K, capacity 79208K, committed 79536K, reserved 1118208K
  class space    used 10296K, capacity 11112K, committed 11184K, reserved 1048576K
Event: 139.657 GC heap after
Heap after GC invocations=12 (full 3):
 PSYoungGen      total 315392K, used 33788K [0x00000000eab00000, 0x0000000100000000, 0x0000000100000000)
  eden space 281600K, 0% used [0x00000000eab00000,0x00000000eab00000,0x00000000fbe00000)
  from space 33792K, 99% used [0x00000000fbe00000,0x00000000fdeff0b0,0x00000000fdf00000)
  to   space 33792K, 0% used [0x00000000fdf00000,0x00000000fdf00000,0x0000000100000000)
 ParOldGen       total 187904K, used 102551K [0x00000000c0000000, 0x00000000cb780000, 0x00000000eab00000)
  object space 187904K, 54% used [0x00000000c0000000,0x00000000c6425d58,0x00000000cb780000)
 Metaspace       used 75567K, capacity 79208K, committed 79536K, reserved 1118208K
  class space    used 10296K, capacity 11112K, committed 11184K, reserved 1048576K
}
Event: 143.003 GC heap before
{Heap before GC invocations=13 (full 3):
 PSYoungGen      total 315392K, used 315083K [0x00000000eab00000, 0x0000000100000000, 0x0000000100000000)
  eden space 281600K, 99% used [0x00000000eab00000,0x00000000fbdb3b70,0x00000000fbe00000)
  from space 33792K, 99% used [0x00000000fbe00000,0x00000000fdeff0b0,0x00000000fdf00000)
  to   space 33792K, 0% used [0x00000000fdf00000,0x00000000fdf00000,0x0000000100000000)
 ParOldGen       total 187904K, used 102551K [0x00000000c0000000, 0x00000000cb780000, 0x00000000eab00000)
  object space 187904K, 54% used [0x00000000c0000000,0x00000000c6425d58,0x00000000cb780000)
 Metaspace       used 77426K, capacity 81228K, committed 81328K, reserved 1120256K
  class space    used 10525K, capacity 11374K, committed 11440K, reserved 1048576K
Event: 143.058 GC heap after
Heap after GC invocations=13 (full 3):
 PSYoungGen      total 267264K, used 33476K [0x00000000eab00000, 0x0000000100000000, 0x0000000100000000)
  eden space 233472K, 0% used [0x00000000eab00000,0x00000000eab00000,0x00000000f8f00000)
  from space 33792K, 99% used [0x00000000fdf00000,0x00000000fffb1070,0x0000000100000000)
  to   space 57856K, 0% used [0x00000000f8f00000,0x00000000f8f00000,0x00000000fc780000)
 ParOldGen       total 187904K, used 125307K [0x00000000c0000000, 0x00000000cb780000, 0x00000000eab00000)
  object space 187904K, 66% used [0x00000000c0000000,0x00000000c7a5ed20,0x00000000cb780000)
 Metaspace       used 77426K, capacity 81228K, committed 81328K, reserved 1120256K
  class space    used 10525K, capacity 11374K, committed 11440K, reserved 1048576K
}
Event: 143.100 GC heap before
{Heap before GC invocations=14 (full 3):
 PSYoungGen      total 267264K, used 266039K [0x00000000eab00000, 0x0000000100000000, 0x0000000100000000)
  eden space 233472K, 99% used [0x00000000eab00000,0x00000000f8e1cc40,0x00000000f8f00000)
  from space 33792K, 99% used [0x00000000fdf00000,0x00000000fffb1070,0x0000000100000000)
  to   space 57856K, 0% used [0x00000000f8f00000,0x00000000f8f00000,0x00000000fc780000)
 ParOldGen       total 187904K, used 125307K [0x00000000c0000000, 0x00000000cb780000, 0x00000000eab00000)
  object space 187904K, 66% used [0x00000000c0000000,0x00000000c7a5ed20,0x00000000cb780000)
 Metaspace       used 77433K, capacity 81228K, committed 81328K, reserved 1120256K
  class space    used 10525K, capacity 11374K, committed 11440K, reserved 1048576K
Event: 143.136 GC heap after
Heap after GC invocations=14 (full 3):
 PSYoungGen      total 233984K, used 96K [0x00000000eab00000, 0x0000000100000000, 0x0000000100000000)
  eden space 233472K, 0% used [0x00000000eab00000,0x00000000eab00000,0x00000000f8f00000)
  from space 512K, 18% used [0x00000000f8f00000,0x00000000f8f18000,0x00000000f8f80000)
  to   space 58880K, 0% used [0x00000000fc680000,0x00000000fc680000,0x0000000100000000)
 ParOldGen       total 187904K, used 156364K [0x00000000c0000000, 0x00000000cb780000, 0x00000000eab00000)
  object space 187904K, 83% used [0x00000000c0000000,0x00000000c98b3250,0x00000000cb780000)
 Metaspace       used 77433K, capacity 81228K, committed 81328K, reserved 1120256K
  class space    used 10525K, capacity 11374K, committed 11440K, reserved 1048576K
}
Event: 143.136 GC heap before
{Heap before GC invocations=15 (full 4):
 PSYoungGen      total 233984K, used 96K [0x00000000eab00000, 0x0000000100000000, 0x0000000100000000)
  eden space 233472K, 0% used [0x00000000eab00000,0x00000000eab00000,0x00000000f8f00000)
  from space 512K, 18% used [0x00000000f8f00000,0x00000000f8f18000,0x00000000f8f80000)
  to   space 58880K, 0% used [0x00000000fc680000,0x00000000fc680000,0x0000000100000000)
 ParOldGen       total 187904K, used 156364K [0x00000000c0000000, 0x00000000cb780000, 0x00000000eab00000)
  object space 187904K, 83% used [0x00000000c0000000,0x00000000c98b3250,0x00000000cb780000)
 Metaspace       used 77433K, capacity 81228K, committed 81328K, reserved 1120256K
  class space    used 10525K, capacity 11374K, committed 11440K, reserved 1048576K
Event: 143.426 GC heap after
Heap after GC invocations=15 (full 4):
 PSYoungGen      total 233984K, used 0K [0x00000000eab00000, 0x0000000100000000, 0x0000000100000000)
  eden space 233472K, 0% used [0x00000000eab00000,0x00000000eab00000,0x00000000f8f00000)
  from space 512K, 0% used [0x00000000f8f00000,0x00000000f8f00000,0x00000000f8f80000)
  to   space 58880K, 0% used [0x00000000fc680000,0x00000000fc680000,0x0000000100000000)
 ParOldGen       total 249344K, used 81981K [0x00000000c0000000, 0x00000000cf380000, 0x00000000eab00000)
  object space 249344K, 32% used [0x00000000c0000000,0x00000000c500f7b0,0x00000000cf380000)
 Metaspace       used 77181K, capacity 80568K, committed 81328K, reserved 1120256K
  class space    used 10436K, capacity 11222K, committed 11440K, reserved 1048576K
}
Event: 143.469 GC heap before
{Heap before GC invocations=16 (full 4):
 PSYoungGen      total 233984K, used 233062K [0x00000000eab00000, 0x0000000100000000, 0x0000000100000000)
  eden space 233472K, 99% used [0x00000000eab00000,0x00000000f8e999b8,0x00000000f8f00000)
  from space 512K, 0% used [0x00000000f8f00000,0x00000000f8f00000,0x00000000f8f80000)
  to   space 58880K, 0% used [0x00000000fc680000,0x00000000fc680000,0x0000000100000000)
 ParOldGen       total 249344K, used 81981K [0x00000000c0000000, 0x00000000cf380000, 0x00000000eab00000)
  object space 249344K, 32% used [0x00000000c0000000,0x00000000c500f7b0,0x00000000cf380000)
 Metaspace       used 77181K, capacity 80568K, committed 81328K, reserved 1120256K
  class space    used 10436K, capacity 11222K, committed 11440K, reserved 1048576K
Event: 143.472 GC heap after
Heap after GC invocations=16 (full 4):
 PSYoungGen      total 290304K, used 96K [0x00000000eab00000, 0x0000000100000000, 0x0000000100000000)
  eden space 231424K, 0% used [0x00000000eab00000,0x00000000eab00000,0x00000000f8d00000)
  from space 58880K, 0% used [0x00000000fc680000,0x00000000fc698000,0x0000000100000000)
  to   space 58880K, 0% used [0x00000000f8d00000,0x00000000f8d00000,0x00000000fc680000)
 ParOldGen       total 249344K, used 81981K [0x00000000c0000000, 0x00000000cf380000, 0x00000000eab00000)
  object space 249344K, 32% used [0x00000000c0000000,0x00000000c500f7b0,0x00000000cf380000)
 Metaspace       used 77181K, capacity 80568K, committed 81328K, reserved 1120256K
  class space    used 10436K, capacity 11222K, committed 11440K, reserved 1048576K
}

